

<!DOCTYPE html>
<html>
<head>
<meta charset="UTF-8">
<meta name="viewport" content="width=device-width, initial-scale=1, shrink-to-fit=no">
<title> Testing Practise </title>
<link rel="apple-touch-icon" href="https://cdn.jsdelivr.net/gh/extent-framework/extent-github-cdn@b00a2d0486596e73dd7326beacf352c639623a0e/commons/img/logo.png">
<link rel="shortcut icon" href="https://cdn.jsdelivr.net/gh/extent-framework/extent-github-cdn@b00a2d0486596e73dd7326beacf352c639623a0e/commons/img/logo.png">
<link href="https://cdn.jsdelivr.net/gh/extent-framework/extent-github-cdn@ce8b10435bcbae260c334c0d0c6b61d2c19b6168/spark/css/spark-style.css" rel="stylesheet" />
<link href="https://stackpath.bootstrapcdn.com/font-awesome/4.7.0/css/font-awesome.min.css" rel="stylesheet">
<script src="https://cdn.jsdelivr.net/gh/extent-framework/extent-github-cdn@7cc78ce/spark/js/jsontree.js"></script>
<style type="text/css"></style></head><body class="spa -report standard">
  <div class="app">
    <div class="layout">
<div class="header navbar">
<div class="vheader">
<div class="nav-logo">
<a href="#">
<div class="logo" style="background-image: url('https://cdn.jsdelivr.net/gh/extent-framework/extent-github-cdn@b00a2d0486596e73dd7326beacf352c639623a0e/commons/img/logo.png')"></div>
</a>
</div>
<ul class="nav-left">
<li class="search-box">
<a class="search-toggle" href="#">
<i class="search-icon fa fa-search"></i>
<i class="search-icon-close fa fa-close"></i>
</a>
</li>
<li class="search-input"><input id="search-tests" class="form-control" type="text" placeholder="Search..."></li>
</ul>
<ul class="nav-right">
<li class="m-r-10">
<a href="#"><span class="badge badge-primary"> Testing--1</span></a>
</li>
<li class="m-r-10">
<a href="#"><span class="badge badge-primary">Nov 3, 2025 05:05:08 PM</span></a>
</li>
</ul>
</div>
</div><div class="side-nav">
<div class="side-nav-inner">
<ul class="side-nav-menu">
<li class="nav-item dropdown" onclick="toggleView('test-view')">
<a id="nav-test" class="dropdown-toggle" href="#">
<span class="ico"><i class="fa fa-list"></i></span>
</a>
</li>
<li class="nav-item dropdown" onclick="toggleView('exception-view')">
<a id="nav-exception" class="dropdown-toggle" href="#">
<span class="ico"><i class="fa fa-bug"></i></span>
</a>
</li>
<li class="nav-item dropdown" onclick="toggleView('dashboard-view')">
<a id="nav-dashboard" class="dropdown-toggle" href="#">
<span class="ico"><i class="fa fa-bar-chart"></i></span>
</a>
</li>
</ul>
</div>
</div>      <div class="vcontainer">
        <div class="main-content">
<div class="test-wrapper row view test-view">
  <div class="test-list">
    <div class="test-list-tools">
<ul class="tools pull-left">
<li><a href="#"><span class="font-size-14">Tests</span></a></li>
</ul>
<ul class="tools text-right">
<li class="dropdown">
<a href="#" class="dropdown-toggle" data-toggle="dropdown"><i class="fa fa-exclamation-circle"></i></a>
<ul id="status-toggle" class="dropdown-menu dropdown-md p-v-0">
<a class="dropdown-item" status="pass" href="#"><span>Pass</span><span class="status success"></span></a>
<a class="dropdown-item" status="fail" href="#"><span>Fail</span><span class="status danger"></span></a>
<div class="dropdown-divider"></div>
<a status="clear" class="dropdown-item" href="#"><span>Clear</span><span class="pull-right"><i class="fa fa-close"></i></span></a>
</ul>
</li>
</ul>
</div>    <div class="test-list-wrapper scrollable">
      <ul class="test-list-item">
        <li class="test-item"  status="pass" test-id="1"
          author=""
          tag=""
          device="">
          <div class="test-detail">
            <p class="name">enusNpass</p>
            <p class="text-sm">
              <span>5:05:19 PM</span> / <span>00:00:00:010</span>
              <span class="badge pass-bg log float-right">Pass</span>
            </p>
          </div>
          <div class="test-contents d-none">
<div class="detail-head">
<div class="p-v-10">
<div class="info">
<h5 class="test-status text-pass">enusNpass</h5>
<span class='badge badge-success'>11.03.2025 5:05:19 PM</span>
<span class='badge badge-danger'>11.03.2025 5:05:19 PM</span>
<span class='badge badge-default'>00:00:00:010</span>
&middot; <span class='uri-anchor badge badge-default'>#test-id=1</span>
<span title='Skip to the next failed step' class='badge badge-danger pointer float-right ne ml-1'><i class="fa fa-fast-forward"></i></span>
<span title='Collapse all nodes' class='badge badge-default pointer float-right ct ml-1'><i class="fa fa-compress"></i></span>
<span title='Expand all nodes' class='badge badge-default pointer float-right et'><i class="fa fa-expand"></i></span>
</div>
</div>
</div><div class="detail-body mt-4">
<table class="table table-sm">
  <thead><tr><th class="status-col">Status</th><th class="timestamp-col">Timestamp</th><th class="details-col">Details</th></tr></thead>
  <tbody>
      <tr class="event-row">
        <td><span class="badge log pass-bg">Pass</span></td>
        <td>5:05:19 PM</td>
        <td>
           Passed  
        </td>
      </tr>
  </tbody>
</table>
</div>
          </div>
        </li>
        <li class="test-item"  status="pass" test-id="2"
          author=""
          tag=""
          device="">
          <div class="test-detail">
            <p class="name">loginbutton</p>
            <p class="text-sm">
              <span>5:05:21 PM</span> / <span>00:00:00:000</span>
              <span class="badge pass-bg log float-right">Pass</span>
            </p>
          </div>
          <div class="test-contents d-none">
<div class="detail-head">
<div class="p-v-10">
<div class="info">
<h5 class="test-status text-pass">loginbutton</h5>
<span class='badge badge-success'>11.03.2025 5:05:21 PM</span>
<span class='badge badge-danger'>11.03.2025 5:05:21 PM</span>
<span class='badge badge-default'>00:00:00:000</span>
&middot; <span class='uri-anchor badge badge-default'>#test-id=2</span>
<span title='Skip to the next failed step' class='badge badge-danger pointer float-right ne ml-1'><i class="fa fa-fast-forward"></i></span>
<span title='Collapse all nodes' class='badge badge-default pointer float-right ct ml-1'><i class="fa fa-compress"></i></span>
<span title='Expand all nodes' class='badge badge-default pointer float-right et'><i class="fa fa-expand"></i></span>
</div>
</div>
</div><div class="detail-body mt-4">
<table class="table table-sm">
  <thead><tr><th class="status-col">Status</th><th class="timestamp-col">Timestamp</th><th class="details-col">Details</th></tr></thead>
  <tbody>
      <tr class="event-row">
        <td><span class="badge log pass-bg">Pass</span></td>
        <td>5:05:21 PM</td>
        <td>
           Passed  
        </td>
      </tr>
  </tbody>
</table>
</div>
          </div>
        </li>
        <li class="test-item"  status="pass" test-id="3"
          author=""
          tag=""
          device="">
          <div class="test-detail">
            <p class="name">pricesofproducts</p>
            <p class="text-sm">
              <span>5:05:58 PM</span> / <span>00:00:00:000</span>
              <span class="badge pass-bg log float-right">Pass</span>
            </p>
          </div>
          <div class="test-contents d-none">
<div class="detail-head">
<div class="p-v-10">
<div class="info">
<h5 class="test-status text-pass">pricesofproducts</h5>
<span class='badge badge-success'>11.03.2025 5:05:58 PM</span>
<span class='badge badge-danger'>11.03.2025 5:05:58 PM</span>
<span class='badge badge-default'>00:00:00:000</span>
&middot; <span class='uri-anchor badge badge-default'>#test-id=3</span>
<span title='Skip to the next failed step' class='badge badge-danger pointer float-right ne ml-1'><i class="fa fa-fast-forward"></i></span>
<span title='Collapse all nodes' class='badge badge-default pointer float-right ct ml-1'><i class="fa fa-compress"></i></span>
<span title='Expand all nodes' class='badge badge-default pointer float-right et'><i class="fa fa-expand"></i></span>
</div>
</div>
</div><div class="detail-body mt-4">
<table class="table table-sm">
  <thead><tr><th class="status-col">Status</th><th class="timestamp-col">Timestamp</th><th class="details-col">Details</th></tr></thead>
  <tbody>
      <tr class="event-row">
        <td><span class="badge log pass-bg">Pass</span></td>
        <td>5:05:58 PM</td>
        <td>
           Passed  
        </td>
      </tr>
  </tbody>
</table>
</div>
          </div>
        </li>
        <li class="test-item"  status="fail" test-id="4"
          author=""
          tag=""
          device="">
          <div class="test-detail">
            <p class="name">clickoncart</p>
            <p class="text-sm">
              <span>5:06:04 PM</span> / <span>00:00:00:005</span>
              <span class="badge fail-bg log float-right">Fail</span>
            </p>
          </div>
          <div class="test-contents d-none">
<div class="detail-head">
<div class="p-v-10">
<div class="info">
<h5 class="test-status text-fail">clickoncart</h5>
<span class='badge badge-success'>11.03.2025 5:06:04 PM</span>
<span class='badge badge-danger'>11.03.2025 5:06:04 PM</span>
<span class='badge badge-default'>00:00:00:005</span>
&middot; <span class='uri-anchor badge badge-default'>#test-id=4</span>
<span title='Skip to the next failed step' class='badge badge-danger pointer float-right ne ml-1'><i class="fa fa-fast-forward"></i></span>
<span title='Collapse all nodes' class='badge badge-default pointer float-right ct ml-1'><i class="fa fa-compress"></i></span>
<span title='Expand all nodes' class='badge badge-default pointer float-right et'><i class="fa fa-expand"></i></span>
</div>
</div>
</div><div class="detail-body mt-4">
<table class="table table-sm">
  <thead><tr><th class="status-col">Status</th><th class="timestamp-col">Timestamp</th><th class="details-col">Details</th></tr></thead>
  <tbody>
      <tr class="event-row">
        <td><span class="badge log fail-bg">Fail</span></td>
        <td>5:06:04 PM</td>
        <td>
           Faild  clickoncart
        </td>
      </tr>
      <tr class="event-row">
        <td><span class="badge log fail-bg">Fail</span></td>
        <td>5:06:04 PM</td>
        <td>
          <textarea readonly class="code-block">org.openqa.selenium.NoSuchElementException: no such element: Unable to locate element: {"method":"xpath","selector":"//span[@class="shopping_cart_badge"]"}
  (Session info: MicrosoftEdge=142.0.3595.53)
For documentation on this error, please visit: https://www.selenium.dev/documentation/webdriver/troubleshooting/errors#nosuchelementexception
Build info: version: '4.36.0', revision: '6d115cfd87'
System info: os.name: 'Windows 11', os.arch: 'amd64', os.version: '10.0', java.version: '21.0.8'
Driver info: org.openqa.selenium.edge.EdgeDriver
Command: [ae1ada3faf89223321ad792bcaa684aa, findElement {using=xpath, value=//span[@class="shopping_cart_badge"]}]
Capabilities {acceptInsecureCerts: false, browserName: MicrosoftEdge, browserVersion: 142.0.3595.53, fedcm:accounts: true, goog:processID: 19744, ms:edgeOptions: {debuggerAddress: localhost:61040}, msedge: {msedgedriverVersion: 142.0.3595.53 (e9d637e9672e..., userDataDir: C:\Users\HP\AppData\Local\T...}, networkConnectionEnabled: false, pageLoadStrategy: normal, platformName: windows, proxy: Proxy(), se:cdp: ws://localhost:61040/devtoo..., se:cdpVersion: 142.0.3595.53, setWindowRect: true, strictFileInteractability: false, timeouts: {implicit: 0, pageLoad: 300000, script: 30000}, unhandledPromptBehavior: dismiss and notify, webauthn:extension:credBlob: true, webauthn:extension:largeBlob: true, webauthn:extension:minPinLength: true, webauthn:extension:prf: true, webauthn:virtualAuthenticators: true}
Session ID: ae1ada3faf89223321ad792bcaa684aa
	at java.base/jdk.internal.reflect.DirectConstructorHandleAccessor.newInstance(DirectConstructorHandleAccessor.java:62)
	at java.base/java.lang.reflect.Constructor.newInstanceWithCaller(Constructor.java:502)
	at java.base/java.lang.reflect.Constructor.newInstance(Constructor.java:486)
	at org.openqa.selenium.remote.ErrorCodec.decode(ErrorCodec.java:167)
	at org.openqa.selenium.remote.codec.w3c.W3CHttpResponseCodec.decode(W3CHttpResponseCodec.java:138)
	at org.openqa.selenium.remote.codec.w3c.W3CHttpResponseCodec.decode(W3CHttpResponseCodec.java:50)
	at org.openqa.selenium.remote.HttpCommandExecutor.execute(HttpCommandExecutor.java:215)
	at org.openqa.selenium.remote.service.DriverCommandExecutor.invokeExecute(DriverCommandExecutor.java:216)
	at org.openqa.selenium.remote.service.DriverCommandExecutor.execute(DriverCommandExecutor.java:174)
	at org.openqa.selenium.remote.RemoteWebDriver.execute(RemoteWebDriver.java:557)
	at org.openqa.selenium.remote.ElementLocation$ElementFinder$2.findElement(ElementLocation.java:165)
	at org.openqa.selenium.remote.ElementLocation.findElement(ElementLocation.java:59)
	at org.openqa.selenium.remote.RemoteWebDriver.findElement(RemoteWebDriver.java:380)
	at org.openqa.selenium.remote.RemoteWebDriver.findElement(RemoteWebDriver.java:374)
	at testcase.SwagLabsTask.clickoncart(SwagLabsTask.java:95)
	at java.base/jdk.internal.reflect.DirectMethodHandleAccessor.invoke(DirectMethodHandleAccessor.java:103)
	at java.base/java.lang.reflect.Method.invoke(Method.java:580)
	at org.testng.internal.invokers.MethodInvocationHelper.invokeMethod(MethodInvocationHelper.java:141)
	at org.testng.internal.invokers.TestInvoker.invokeMethod(TestInvoker.java:687)
	at org.testng.internal.invokers.TestInvoker.invokeTestMethod(TestInvoker.java:230)
	at org.testng.internal.invokers.MethodRunner.runInSequence(MethodRunner.java:63)
	at org.testng.internal.invokers.TestInvoker$MethodInvocationAgent.invoke(TestInvoker.java:995)
	at org.testng.internal.invokers.TestInvoker.invokeTestMethods(TestInvoker.java:203)
	at org.testng.internal.invokers.TestMethodWorker.invokeTestMethods(TestMethodWorker.java:154)
	at org.testng.internal.invokers.TestMethodWorker.run(TestMethodWorker.java:134)
	at java.base/java.util.ArrayList.forEach(ArrayList.java:1596)
	at org.testng.TestRunner.privateRun(TestRunner.java:741)
	at org.testng.TestRunner.run(TestRunner.java:616)
	at org.testng.SuiteRunner.runTest(SuiteRunner.java:421)
	at org.testng.SuiteRunner.runSequentially(SuiteRunner.java:413)
	at org.testng.SuiteRunner.privateRun(SuiteRunner.java:373)
	at org.testng.SuiteRunner.run(SuiteRunner.java:312)
	at org.testng.SuiteRunnerWorker.runSuite(SuiteRunnerWorker.java:52)
	at org.testng.SuiteRunnerWorker.run(SuiteRunnerWorker.java:95)
	at org.testng.TestNG.runSuitesSequentially(TestNG.java:1274)
	at org.testng.TestNG.runSuitesLocally(TestNG.java:1208)
	at org.testng.TestNG.runSuites(TestNG.java:1112)
	at org.testng.TestNG.run(TestNG.java:1079)
	at org.testng.remote.AbstractRemoteTestNG.run(AbstractRemoteTestNG.java:115)
	at org.testng.remote.RemoteTestNG.initAndRun(RemoteTestNG.java:293)
	at org.testng.remote.RemoteTestNG.main(RemoteTestNG.java:91)
</textarea>
          
        </td>
      </tr>
  </tbody>
</table>
</div>
          </div>
        </li>
        <li class="test-item"  status="fail" test-id="5"
          author=""
          tag=""
          device="">
          <div class="test-detail">
            <p class="name">clickoncheckout</p>
            <p class="text-sm">
              <span>5:06:10 PM</span> / <span>00:00:00:001</span>
              <span class="badge fail-bg log float-right">Fail</span>
            </p>
          </div>
          <div class="test-contents d-none">
<div class="detail-head">
<div class="p-v-10">
<div class="info">
<h5 class="test-status text-fail">clickoncheckout</h5>
<span class='badge badge-success'>11.03.2025 5:06:10 PM</span>
<span class='badge badge-danger'>11.03.2025 5:06:10 PM</span>
<span class='badge badge-default'>00:00:00:001</span>
&middot; <span class='uri-anchor badge badge-default'>#test-id=5</span>
<span title='Skip to the next failed step' class='badge badge-danger pointer float-right ne ml-1'><i class="fa fa-fast-forward"></i></span>
<span title='Collapse all nodes' class='badge badge-default pointer float-right ct ml-1'><i class="fa fa-compress"></i></span>
<span title='Expand all nodes' class='badge badge-default pointer float-right et'><i class="fa fa-expand"></i></span>
</div>
</div>
</div><div class="detail-body mt-4">
<table class="table table-sm">
  <thead><tr><th class="status-col">Status</th><th class="timestamp-col">Timestamp</th><th class="details-col">Details</th></tr></thead>
  <tbody>
      <tr class="event-row">
        <td><span class="badge log fail-bg">Fail</span></td>
        <td>5:06:10 PM</td>
        <td>
           Faild  clickoncheckout
        </td>
      </tr>
      <tr class="event-row">
        <td><span class="badge log fail-bg">Fail</span></td>
        <td>5:06:10 PM</td>
        <td>
          <textarea readonly class="code-block">org.openqa.selenium.NoSuchElementException: no such element: Unable to locate element: {"method":"xpath","selector":"//button[@id='checkout']"}
  (Session info: MicrosoftEdge=142.0.3595.53)
For documentation on this error, please visit: https://www.selenium.dev/documentation/webdriver/troubleshooting/errors#nosuchelementexception
Build info: version: '4.36.0', revision: '6d115cfd87'
System info: os.name: 'Windows 11', os.arch: 'amd64', os.version: '10.0', java.version: '21.0.8'
Driver info: org.openqa.selenium.edge.EdgeDriver
Command: [ae1ada3faf89223321ad792bcaa684aa, findElement {using=xpath, value=//button[@id='checkout']}]
Capabilities {acceptInsecureCerts: false, browserName: MicrosoftEdge, browserVersion: 142.0.3595.53, fedcm:accounts: true, goog:processID: 19744, ms:edgeOptions: {debuggerAddress: localhost:61040}, msedge: {msedgedriverVersion: 142.0.3595.53 (e9d637e9672e..., userDataDir: C:\Users\HP\AppData\Local\T...}, networkConnectionEnabled: false, pageLoadStrategy: normal, platformName: windows, proxy: Proxy(), se:cdp: ws://localhost:61040/devtoo..., se:cdpVersion: 142.0.3595.53, setWindowRect: true, strictFileInteractability: false, timeouts: {implicit: 0, pageLoad: 300000, script: 30000}, unhandledPromptBehavior: dismiss and notify, webauthn:extension:credBlob: true, webauthn:extension:largeBlob: true, webauthn:extension:minPinLength: true, webauthn:extension:prf: true, webauthn:virtualAuthenticators: true}
Session ID: ae1ada3faf89223321ad792bcaa684aa
	at java.base/jdk.internal.reflect.DirectConstructorHandleAccessor.newInstance(DirectConstructorHandleAccessor.java:62)
	at java.base/java.lang.reflect.Constructor.newInstanceWithCaller(Constructor.java:502)
	at java.base/java.lang.reflect.Constructor.newInstance(Constructor.java:486)
	at org.openqa.selenium.remote.ErrorCodec.decode(ErrorCodec.java:167)
	at org.openqa.selenium.remote.codec.w3c.W3CHttpResponseCodec.decode(W3CHttpResponseCodec.java:138)
	at org.openqa.selenium.remote.codec.w3c.W3CHttpResponseCodec.decode(W3CHttpResponseCodec.java:50)
	at org.openqa.selenium.remote.HttpCommandExecutor.execute(HttpCommandExecutor.java:215)
	at org.openqa.selenium.remote.service.DriverCommandExecutor.invokeExecute(DriverCommandExecutor.java:216)
	at org.openqa.selenium.remote.service.DriverCommandExecutor.execute(DriverCommandExecutor.java:174)
	at org.openqa.selenium.remote.RemoteWebDriver.execute(RemoteWebDriver.java:557)
	at org.openqa.selenium.remote.ElementLocation$ElementFinder$2.findElement(ElementLocation.java:165)
	at org.openqa.selenium.remote.ElementLocation.findElement(ElementLocation.java:59)
	at org.openqa.selenium.remote.RemoteWebDriver.findElement(RemoteWebDriver.java:380)
	at org.openqa.selenium.remote.RemoteWebDriver.findElement(RemoteWebDriver.java:374)
	at testcase.SwagLabsTask.clickoncheckout(SwagLabsTask.java:101)
	at java.base/jdk.internal.reflect.DirectMethodHandleAccessor.invoke(DirectMethodHandleAccessor.java:103)
	at java.base/java.lang.reflect.Method.invoke(Method.java:580)
	at org.testng.internal.invokers.MethodInvocationHelper.invokeMethod(MethodInvocationHelper.java:141)
	at org.testng.internal.invokers.TestInvoker.invokeMethod(TestInvoker.java:687)
	at org.testng.internal.invokers.TestInvoker.invokeTestMethod(TestInvoker.java:230)
	at org.testng.internal.invokers.MethodRunner.runInSequence(MethodRunner.java:63)
	at org.testng.internal.invokers.TestInvoker$MethodInvocationAgent.invoke(TestInvoker.java:995)
	at org.testng.internal.invokers.TestInvoker.invokeTestMethods(TestInvoker.java:203)
	at org.testng.internal.invokers.TestMethodWorker.invokeTestMethods(TestMethodWorker.java:154)
	at org.testng.internal.invokers.TestMethodWorker.run(TestMethodWorker.java:134)
	at java.base/java.util.ArrayList.forEach(ArrayList.java:1596)
	at org.testng.TestRunner.privateRun(TestRunner.java:741)
	at org.testng.TestRunner.run(TestRunner.java:616)
	at org.testng.SuiteRunner.runTest(SuiteRunner.java:421)
	at org.testng.SuiteRunner.runSequentially(SuiteRunner.java:413)
	at org.testng.SuiteRunner.privateRun(SuiteRunner.java:373)
	at org.testng.SuiteRunner.run(SuiteRunner.java:312)
	at org.testng.SuiteRunnerWorker.runSuite(SuiteRunnerWorker.java:52)
	at org.testng.SuiteRunnerWorker.run(SuiteRunnerWorker.java:95)
	at org.testng.TestNG.runSuitesSequentially(TestNG.java:1274)
	at org.testng.TestNG.runSuitesLocally(TestNG.java:1208)
	at org.testng.TestNG.runSuites(TestNG.java:1112)
	at org.testng.TestNG.run(TestNG.java:1079)
	at org.testng.remote.AbstractRemoteTestNG.run(AbstractRemoteTestNG.java:115)
	at org.testng.remote.RemoteTestNG.initAndRun(RemoteTestNG.java:293)
	at org.testng.remote.RemoteTestNG.main(RemoteTestNG.java:91)
</textarea>
          
        </td>
      </tr>
  </tbody>
</table>
</div>
          </div>
        </li>
        <li class="test-item"  status="fail" test-id="6"
          author=""
          tag=""
          device="">
          <div class="test-detail">
            <p class="name">enterfslaNcode</p>
            <p class="text-sm">
              <span>5:06:16 PM</span> / <span>00:00:00:001</span>
              <span class="badge fail-bg log float-right">Fail</span>
            </p>
          </div>
          <div class="test-contents d-none">
<div class="detail-head">
<div class="p-v-10">
<div class="info">
<h5 class="test-status text-fail">enterfslaNcode</h5>
<span class='badge badge-success'>11.03.2025 5:06:16 PM</span>
<span class='badge badge-danger'>11.03.2025 5:06:16 PM</span>
<span class='badge badge-default'>00:00:00:001</span>
&middot; <span class='uri-anchor badge badge-default'>#test-id=6</span>
<span title='Skip to the next failed step' class='badge badge-danger pointer float-right ne ml-1'><i class="fa fa-fast-forward"></i></span>
<span title='Collapse all nodes' class='badge badge-default pointer float-right ct ml-1'><i class="fa fa-compress"></i></span>
<span title='Expand all nodes' class='badge badge-default pointer float-right et'><i class="fa fa-expand"></i></span>
</div>
</div>
</div><div class="detail-body mt-4">
<table class="table table-sm">
  <thead><tr><th class="status-col">Status</th><th class="timestamp-col">Timestamp</th><th class="details-col">Details</th></tr></thead>
  <tbody>
      <tr class="event-row">
        <td><span class="badge log fail-bg">Fail</span></td>
        <td>5:06:16 PM</td>
        <td>
           Faild  enterfslaNcode
        </td>
      </tr>
      <tr class="event-row">
        <td><span class="badge log fail-bg">Fail</span></td>
        <td>5:06:16 PM</td>
        <td>
          <textarea readonly class="code-block">org.openqa.selenium.NoSuchElementException: no such element: Unable to locate element: {"method":"xpath","selector":"//input[@id='first-name']"}
  (Session info: MicrosoftEdge=142.0.3595.53)
For documentation on this error, please visit: https://www.selenium.dev/documentation/webdriver/troubleshooting/errors#nosuchelementexception
Build info: version: '4.36.0', revision: '6d115cfd87'
System info: os.name: 'Windows 11', os.arch: 'amd64', os.version: '10.0', java.version: '21.0.8'
Driver info: org.openqa.selenium.edge.EdgeDriver
Command: [ae1ada3faf89223321ad792bcaa684aa, findElement {using=xpath, value=//input[@id='first-name']}]
Capabilities {acceptInsecureCerts: false, browserName: MicrosoftEdge, browserVersion: 142.0.3595.53, fedcm:accounts: true, goog:processID: 19744, ms:edgeOptions: {debuggerAddress: localhost:61040}, msedge: {msedgedriverVersion: 142.0.3595.53 (e9d637e9672e..., userDataDir: C:\Users\HP\AppData\Local\T...}, networkConnectionEnabled: false, pageLoadStrategy: normal, platformName: windows, proxy: Proxy(), se:cdp: ws://localhost:61040/devtoo..., se:cdpVersion: 142.0.3595.53, setWindowRect: true, strictFileInteractability: false, timeouts: {implicit: 0, pageLoad: 300000, script: 30000}, unhandledPromptBehavior: dismiss and notify, webauthn:extension:credBlob: true, webauthn:extension:largeBlob: true, webauthn:extension:minPinLength: true, webauthn:extension:prf: true, webauthn:virtualAuthenticators: true}
Session ID: ae1ada3faf89223321ad792bcaa684aa
	at java.base/jdk.internal.reflect.DirectConstructorHandleAccessor.newInstance(DirectConstructorHandleAccessor.java:62)
	at java.base/java.lang.reflect.Constructor.newInstanceWithCaller(Constructor.java:502)
	at java.base/java.lang.reflect.Constructor.newInstance(Constructor.java:486)
	at org.openqa.selenium.remote.ErrorCodec.decode(ErrorCodec.java:167)
	at org.openqa.selenium.remote.codec.w3c.W3CHttpResponseCodec.decode(W3CHttpResponseCodec.java:138)
	at org.openqa.selenium.remote.codec.w3c.W3CHttpResponseCodec.decode(W3CHttpResponseCodec.java:50)
	at org.openqa.selenium.remote.HttpCommandExecutor.execute(HttpCommandExecutor.java:215)
	at org.openqa.selenium.remote.service.DriverCommandExecutor.invokeExecute(DriverCommandExecutor.java:216)
	at org.openqa.selenium.remote.service.DriverCommandExecutor.execute(DriverCommandExecutor.java:174)
	at org.openqa.selenium.remote.RemoteWebDriver.execute(RemoteWebDriver.java:557)
	at org.openqa.selenium.remote.ElementLocation$ElementFinder$2.findElement(ElementLocation.java:165)
	at org.openqa.selenium.remote.ElementLocation.findElement(ElementLocation.java:59)
	at org.openqa.selenium.remote.RemoteWebDriver.findElement(RemoteWebDriver.java:380)
	at org.openqa.selenium.remote.RemoteWebDriver.findElement(RemoteWebDriver.java:374)
	at testcase.SwagLabsTask.enterfslaNcode(SwagLabsTask.java:106)
	at java.base/jdk.internal.reflect.DirectMethodHandleAccessor.invoke(DirectMethodHandleAccessor.java:103)
	at java.base/java.lang.reflect.Method.invoke(Method.java:580)
	at org.testng.internal.invokers.MethodInvocationHelper.invokeMethod(MethodInvocationHelper.java:141)
	at org.testng.internal.invokers.TestInvoker.invokeMethod(TestInvoker.java:687)
	at org.testng.internal.invokers.TestInvoker.invokeTestMethod(TestInvoker.java:230)
	at org.testng.internal.invokers.MethodRunner.runInSequence(MethodRunner.java:63)
	at org.testng.internal.invokers.TestInvoker$MethodInvocationAgent.invoke(TestInvoker.java:995)
	at org.testng.internal.invokers.TestInvoker.invokeTestMethods(TestInvoker.java:203)
	at org.testng.internal.invokers.TestMethodWorker.invokeTestMethods(TestMethodWorker.java:154)
	at org.testng.internal.invokers.TestMethodWorker.run(TestMethodWorker.java:134)
	at java.base/java.util.ArrayList.forEach(ArrayList.java:1596)
	at org.testng.TestRunner.privateRun(TestRunner.java:741)
	at org.testng.TestRunner.run(TestRunner.java:616)
	at org.testng.SuiteRunner.runTest(SuiteRunner.java:421)
	at org.testng.SuiteRunner.runSequentially(SuiteRunner.java:413)
	at org.testng.SuiteRunner.privateRun(SuiteRunner.java:373)
	at org.testng.SuiteRunner.run(SuiteRunner.java:312)
	at org.testng.SuiteRunnerWorker.runSuite(SuiteRunnerWorker.java:52)
	at org.testng.SuiteRunnerWorker.run(SuiteRunnerWorker.java:95)
	at org.testng.TestNG.runSuitesSequentially(TestNG.java:1274)
	at org.testng.TestNG.runSuitesLocally(TestNG.java:1208)
	at org.testng.TestNG.runSuites(TestNG.java:1112)
	at org.testng.TestNG.run(TestNG.java:1079)
	at org.testng.remote.AbstractRemoteTestNG.run(AbstractRemoteTestNG.java:115)
	at org.testng.remote.RemoteTestNG.initAndRun(RemoteTestNG.java:293)
	at org.testng.remote.RemoteTestNG.main(RemoteTestNG.java:91)
</textarea>
          
        </td>
      </tr>
  </tbody>
</table>
</div>
          </div>
        </li>
        <li class="test-item"  status="fail" test-id="7"
          author=""
          tag=""
          device="">
          <div class="test-detail">
            <p class="name">clickonfinish</p>
            <p class="text-sm">
              <span>5:06:22 PM</span> / <span>00:00:00:002</span>
              <span class="badge fail-bg log float-right">Fail</span>
            </p>
          </div>
          <div class="test-contents d-none">
<div class="detail-head">
<div class="p-v-10">
<div class="info">
<h5 class="test-status text-fail">clickonfinish</h5>
<span class='badge badge-success'>11.03.2025 5:06:22 PM</span>
<span class='badge badge-danger'>11.03.2025 5:06:22 PM</span>
<span class='badge badge-default'>00:00:00:002</span>
&middot; <span class='uri-anchor badge badge-default'>#test-id=7</span>
<span title='Skip to the next failed step' class='badge badge-danger pointer float-right ne ml-1'><i class="fa fa-fast-forward"></i></span>
<span title='Collapse all nodes' class='badge badge-default pointer float-right ct ml-1'><i class="fa fa-compress"></i></span>
<span title='Expand all nodes' class='badge badge-default pointer float-right et'><i class="fa fa-expand"></i></span>
</div>
</div>
</div><div class="detail-body mt-4">
<table class="table table-sm">
  <thead><tr><th class="status-col">Status</th><th class="timestamp-col">Timestamp</th><th class="details-col">Details</th></tr></thead>
  <tbody>
      <tr class="event-row">
        <td><span class="badge log fail-bg">Fail</span></td>
        <td>5:06:22 PM</td>
        <td>
           Faild  clickonfinish
        </td>
      </tr>
      <tr class="event-row">
        <td><span class="badge log fail-bg">Fail</span></td>
        <td>5:06:22 PM</td>
        <td>
          <textarea readonly class="code-block">org.openqa.selenium.NoSuchElementException: no such element: Unable to locate element: {"method":"xpath","selector":"//button[@id='finish']"}
  (Session info: MicrosoftEdge=142.0.3595.53)
For documentation on this error, please visit: https://www.selenium.dev/documentation/webdriver/troubleshooting/errors#nosuchelementexception
Build info: version: '4.36.0', revision: '6d115cfd87'
System info: os.name: 'Windows 11', os.arch: 'amd64', os.version: '10.0', java.version: '21.0.8'
Driver info: org.openqa.selenium.edge.EdgeDriver
Command: [ae1ada3faf89223321ad792bcaa684aa, findElement {using=xpath, value=//button[@id='finish']}]
Capabilities {acceptInsecureCerts: false, browserName: MicrosoftEdge, browserVersion: 142.0.3595.53, fedcm:accounts: true, goog:processID: 19744, ms:edgeOptions: {debuggerAddress: localhost:61040}, msedge: {msedgedriverVersion: 142.0.3595.53 (e9d637e9672e..., userDataDir: C:\Users\HP\AppData\Local\T...}, networkConnectionEnabled: false, pageLoadStrategy: normal, platformName: windows, proxy: Proxy(), se:cdp: ws://localhost:61040/devtoo..., se:cdpVersion: 142.0.3595.53, setWindowRect: true, strictFileInteractability: false, timeouts: {implicit: 0, pageLoad: 300000, script: 30000}, unhandledPromptBehavior: dismiss and notify, webauthn:extension:credBlob: true, webauthn:extension:largeBlob: true, webauthn:extension:minPinLength: true, webauthn:extension:prf: true, webauthn:virtualAuthenticators: true}
Session ID: ae1ada3faf89223321ad792bcaa684aa
	at java.base/jdk.internal.reflect.DirectConstructorHandleAccessor.newInstance(DirectConstructorHandleAccessor.java:62)
	at java.base/java.lang.reflect.Constructor.newInstanceWithCaller(Constructor.java:502)
	at java.base/java.lang.reflect.Constructor.newInstance(Constructor.java:486)
	at org.openqa.selenium.remote.ErrorCodec.decode(ErrorCodec.java:167)
	at org.openqa.selenium.remote.codec.w3c.W3CHttpResponseCodec.decode(W3CHttpResponseCodec.java:138)
	at org.openqa.selenium.remote.codec.w3c.W3CHttpResponseCodec.decode(W3CHttpResponseCodec.java:50)
	at org.openqa.selenium.remote.HttpCommandExecutor.execute(HttpCommandExecutor.java:215)
	at org.openqa.selenium.remote.service.DriverCommandExecutor.invokeExecute(DriverCommandExecutor.java:216)
	at org.openqa.selenium.remote.service.DriverCommandExecutor.execute(DriverCommandExecutor.java:174)
	at org.openqa.selenium.remote.RemoteWebDriver.execute(RemoteWebDriver.java:557)
	at org.openqa.selenium.remote.ElementLocation$ElementFinder$2.findElement(ElementLocation.java:165)
	at org.openqa.selenium.remote.ElementLocation.findElement(ElementLocation.java:59)
	at org.openqa.selenium.remote.RemoteWebDriver.findElement(RemoteWebDriver.java:380)
	at org.openqa.selenium.remote.RemoteWebDriver.findElement(RemoteWebDriver.java:374)
	at testcase.SwagLabsTask.clickonfinish(SwagLabsTask.java:120)
	at java.base/jdk.internal.reflect.DirectMethodHandleAccessor.invoke(DirectMethodHandleAccessor.java:103)
	at java.base/java.lang.reflect.Method.invoke(Method.java:580)
	at org.testng.internal.invokers.MethodInvocationHelper.invokeMethod(MethodInvocationHelper.java:141)
	at org.testng.internal.invokers.TestInvoker.invokeMethod(TestInvoker.java:687)
	at org.testng.internal.invokers.TestInvoker.invokeTestMethod(TestInvoker.java:230)
	at org.testng.internal.invokers.MethodRunner.runInSequence(MethodRunner.java:63)
	at org.testng.internal.invokers.TestInvoker$MethodInvocationAgent.invoke(TestInvoker.java:995)
	at org.testng.internal.invokers.TestInvoker.invokeTestMethods(TestInvoker.java:203)
	at org.testng.internal.invokers.TestMethodWorker.invokeTestMethods(TestMethodWorker.java:154)
	at org.testng.internal.invokers.TestMethodWorker.run(TestMethodWorker.java:134)
	at java.base/java.util.ArrayList.forEach(ArrayList.java:1596)
	at org.testng.TestRunner.privateRun(TestRunner.java:741)
	at org.testng.TestRunner.run(TestRunner.java:616)
	at org.testng.SuiteRunner.runTest(SuiteRunner.java:421)
	at org.testng.SuiteRunner.runSequentially(SuiteRunner.java:413)
	at org.testng.SuiteRunner.privateRun(SuiteRunner.java:373)
	at org.testng.SuiteRunner.run(SuiteRunner.java:312)
	at org.testng.SuiteRunnerWorker.runSuite(SuiteRunnerWorker.java:52)
	at org.testng.SuiteRunnerWorker.run(SuiteRunnerWorker.java:95)
	at org.testng.TestNG.runSuitesSequentially(TestNG.java:1274)
	at org.testng.TestNG.runSuitesLocally(TestNG.java:1208)
	at org.testng.TestNG.runSuites(TestNG.java:1112)
	at org.testng.TestNG.run(TestNG.java:1079)
	at org.testng.remote.AbstractRemoteTestNG.run(AbstractRemoteTestNG.java:115)
	at org.testng.remote.RemoteTestNG.initAndRun(RemoteTestNG.java:293)
	at org.testng.remote.RemoteTestNG.main(RemoteTestNG.java:91)
</textarea>
          
        </td>
      </tr>
  </tbody>
</table>
</div>
          </div>
        </li>
      </ul>
    </div>
  </div>
<div class="test-content scrollable">
<div class="test-content-tools">
<ul><li><a class="back-to-test" href="#"><i class="fa fa-arrow-left"></i></a></li></ul>
</div>
<div class="test-content-detail"><div class="detail-body"></div></div>
</div></div>
<div class="test-wrapper row view exception-view attributes-view">
<div class="test-list">
<div class="test-list-tools">
<ul class="tools pull-left"><li><a href=""><span class="font-size-14">Exception</span></a></li></ul>
<ul class="tools text-right"><li><a href="#"><span class="badge badge-primary">1</span></a></li></ul>
</div>
<div class="test-list-wrapper scrollable">
<ul class="test-list-item">
<li class="test-item">
<div class="test-detail">
<span class="meta">
<span class='badge log badge-danger'>4</span>
</span>
<p class="name">org.openqa.selenium.NoSuchElementException</p>
<p class="duration text-sm">4 tests</p>
</div>
<div class="test-contents d-none">
<div class="info">
<h4>org.openqa.selenium.NoSuchElementException</h4>
<span status="fail" class='badge log badge-danger'>4 failed</span>
</div>
<table class='table table-sm mt-4'>
<thead>
<tr>
<th class="status-col">Status</th>
<th class="timestamp-col">Timestamp</th>
<th>TestName</th>
</tr>
</thead>
<tbody>
<tr class="tag-test-status" status="fail">
<td><span class="badge log fail-bg">Fail</span></td>
<td>17:06:04 PM</td>
<td>
<a href="#" class="linked" test-id='4' id='4'>clickoncart</a>
</td>
</tr>
<tr class="tag-test-status" status="fail">
<td><span class="badge log fail-bg">Fail</span></td>
<td>17:06:10 PM</td>
<td>
<a href="#" class="linked" test-id='5' id='5'>clickoncheckout</a>
</td>
</tr>
<tr class="tag-test-status" status="fail">
<td><span class="badge log fail-bg">Fail</span></td>
<td>17:06:16 PM</td>
<td>
<a href="#" class="linked" test-id='6' id='6'>enterfslaNcode</a>
</td>
</tr>
<tr class="tag-test-status" status="fail">
<td><span class="badge log fail-bg">Fail</span></td>
<td>17:06:22 PM</td>
<td>
<a href="#" class="linked" test-id='7' id='7'>clickonfinish</a>
</td>
</tr>
</tbody>
</table>
</div>
</li>
</ul>
</div>
</div>
<div class="test-content scrollable">
<div class="test-content-detail">
<div class="detail-body"></div>
</div>
</div>
</div><div class="container-fluid p-4 view dashboard-view">
<div class="row">
<div class="col-md-3">
<div class="card"><div class="card-body">
<p class="m-b-0">Started</p>
<h3>Nov 3, 2025 05:05:08 PM</h3>
</div></div>
</div>
<div class="col-md-3">
<div class="card"><div class="card-body">
<p class="m-b-0">Ended</p>
<h3>Nov 3, 2025 05:06:25 PM</h3>
</div></div>
</div>
<div class="col-md-3">
<div class="card"><div class="card-body">
<p class="m-b-0 text-pass">Tests Passed</p>
<h3>3</h3>
</div></div>
</div>
<div class="col-md-3">
<div class="card"><div class="card-body">
<p class="m-b-0 text-fail">Tests Failed</p>
<h3>4</h3>
</div></div>
</div>
</div>
<div class="row">
<div class="col-md-6">
<div class="card">
<div class="card-header">
<h6 class="card-title">Tests</h6>
</div>
<div class="card-body">
<div class="">
<canvas id='parent-analysis' width='115' height='90'></canvas>
</div>
</div>
<div class="card-footer">
<div><small data-tooltip='42%'>
<b>3</b> tests passed
</small>
</div>
<div>
<small data-tooltip='57%'><b>4</b> tests failed,
<b>0</b> skipped, <b data-tooltip='0%'>0</b> others
</small>
</div>
</div>
</div>
</div>
<div class="col-md-6">
<div class="card">
<div class="card-header">
<h6 class="card-title">Log events</h6>
</div>
<div class="card-body">
<div class="">
<canvas id='events-analysis' width='115' height='90'></canvas>
</div>
</div>
<div class="card-footer">
<div><small data-tooltip='27%'><b>3</b> events passed</small></div>
<div>
<small data-tooltip='72%'><b>8</b> events failed,
<b data-tooltip='%'>0</b> others
</small>
</div>
</div>
</div>
</div>
</div>
<div class="row"><div class="col-md-12">
<div class="card"><div class="card-header"><p>Timeline</p></div>
<div class="card-body pt-0"><div>
<canvas id="timeline" height="120"></canvas>
</div></div>
</div>
</div></div>
<script>
var timeline = {
"enusNpass":0.01,"loginbutton":0,"pricesofproducts":0,"clickoncart":0.005,"clickoncheckout":0.001,"enterfslaNcode":0.001,"clickonfinish":0.002
};
</script>
<div class="row">
<div class="col-lg-6 col-md-12 sysenv-container">
<div class="card">
<div class="card-header"><p>System/Environment</p></div>
<div class="card-body pb-0 pt-0"><table class="table table-sm table-bordered">
<thead><tr class="bg-gray"><th>Name</th><th>Value</th></tr></thead>
<tbody>
<tr>
<td>environment</td>
<td>Qc</td>
</tr>
<tr>
<td>name</td>
<td>rahul</td>
</tr>
<tr>
<td>operating system</td>
<td>windows 11</td>
</tr>
</tbody>
</table></div>
</div>
</div>
</div>
</div>
<script>
var statusGroup = {
parentCount: 5,
passParent: 3,
failParent: 4,
warningParent: 0,
skipParent: 0,
childCount: 5,
passChild: 0,
failChild: 0,
warningChild: 0,
skipChild: 0,
infoChild: 0,
grandChildCount: 5,
passGrandChild: 0,
failGrandChild: 0,
warningGrandChild: 0,
skipGrandChild: 0,
infoGrandChild: 0,
eventsCount: 5,
passEvents: 3,
failEvents: 8,
warningEvents: 0,
skipEvents: 0,
infoEvents: 0
};
</script>        </div>
      </div>
    </div>
  </div>
<script src="https://cdn.jsdelivr.net/gh/extent-framework/extent-github-cdn@c05cd28cde1617b9d0c05a831daff6cb97fd9fd5/spark/js/spark-script.js"></script>
<script type="text/javascript"></script></body>
</html>