<?xml version="1.0" encoding="UTF-8"?>
<testng-results ignored="0" total="7" passed="7" failed="0" skipped="0">
  <reporter-output>
  </reporter-output>
  <suite started-at="2025-11-03T17:06:28 IST" name="Default suite" finished-at="2025-11-03T17:07:30 IST" duration-ms="62792">
    <groups>
    </groups>
    <test started-at="2025-11-03T17:06:28 IST" name="Default test" finished-at="2025-11-03T17:07:30 IST" duration-ms="62792">
      <class name="testcase.SwagLabsTask">
        <test-method is-config="true" signature="openurl()[pri:0, instance:testcase.SwagLabsTask@229f66ed]" started-at="2025-11-03T17:06:28 IST" name="openurl" finished-at="2025-11-03T17:06:32 IST" duration-ms="4702" status="PASS">
          <reporter-output>
          </reporter-output>
        </test-method> <!-- openurl -->
        <test-method signature="enusNpass()[pri:1, instance:testcase.SwagLabsTask@229f66ed]" started-at="2025-11-03T17:06:32 IST" name="enusNpass" finished-at="2025-11-03T17:06:39 IST" duration-ms="6295" status="PASS">
          <reporter-output>
          </reporter-output>
        </test-method> <!-- enusNpass -->
        <test-method signature="loginbutton()[pri:2, instance:testcase.SwagLabsTask@229f66ed]" started-at="2025-11-03T17:06:39 IST" name="loginbutton" finished-at="2025-11-03T17:06:41 IST" duration-ms="2165" status="PASS">
          <reporter-output>
          </reporter-output>
        </test-method> <!-- loginbutton -->
        <test-method signature="pricesofproducts()[pri:3, instance:testcase.SwagLabsTask@229f66ed]" started-at="2025-11-03T17:06:41 IST" name="pricesofproducts" finished-at="2025-11-03T17:07:17 IST" duration-ms="36306" status="PASS">
          <reporter-output>
          </reporter-output>
        </test-method> <!-- pricesofproducts -->
        <test-method signature="clickoncart()[pri:4, instance:testcase.SwagLabsTask@229f66ed]" started-at="2025-11-03T17:07:17 IST" name="clickoncart" finished-at="2025-11-03T17:07:17 IST" duration-ms="97" status="PASS">
          <reporter-output>
          </reporter-output>
        </test-method> <!-- clickoncart -->
        <test-method signature="clickoncheckout()[pri:5, instance:testcase.SwagLabsTask@229f66ed]" started-at="2025-11-03T17:07:17 IST" name="clickoncheckout" finished-at="2025-11-03T17:07:17 IST" duration-ms="125" status="PASS">
          <reporter-output>
          </reporter-output>
        </test-method> <!-- clickoncheckout -->
        <test-method signature="enterfslaNcode()[pri:6, instance:testcase.SwagLabsTask@229f66ed]" started-at="2025-11-03T17:07:17 IST" name="enterfslaNcode" finished-at="2025-11-03T17:07:24 IST" duration-ms="6414" status="PASS">
          <reporter-output>
          </reporter-output>
        </test-method> <!-- enterfslaNcode -->
        <test-method signature="clickonfinish()[pri:7, instance:testcase.SwagLabsTask@229f66ed]" started-at="2025-11-03T17:07:24 IST" name="clickonfinish" finished-at="2025-11-03T17:07:27 IST" duration-ms="3260" status="PASS">
          <reporter-output>
          </reporter-output>
        </test-method> <!-- clickonfinish -->
        <test-method is-config="true" signature="closeurl()[pri:0, instance:testcase.SwagLabsTask@229f66ed]" started-at="2025-11-03T17:07:27 IST" name="closeurl" finished-at="2025-11-03T17:07:30 IST" duration-ms="3325" status="PASS">
          <reporter-output>
          </reporter-output>
        </test-method> <!-- closeurl -->
      </class> <!-- testcase.SwagLabsTask -->
    </test> <!-- Default test -->
  </suite> <!-- Default suite -->
</testng-results>
