<?xml version="1.0" encoding="UTF-8"?>
<!-- Generated by org.testng.reporters.JUnitReportReporter -->
<testsuite hostname="DESKTOP-KOLQBJD" failures="0" tests="7" name="testcase.SwagLabsTask" time="54.662" errors="0" timestamp="2025-11-03T17:07:31 IST" skipped="0">
  <testcase classname="testcase.SwagLabsTask" name="enusNpass" time="6.295"/>
  <testcase classname="testcase.SwagLabsTask" name="loginbutton" time="2.165"/>
  <testcase classname="testcase.SwagLabsTask" name="pricesofproducts" time="36.306"/>
  <testcase classname="testcase.SwagLabsTask" name="clickoncart" time="0.097"/>
  <testcase classname="testcase.SwagLabsTask" name="clickoncheckout" time="0.125"/>
  <testcase classname="testcase.SwagLabsTask" name="enterfslaNcode" time="6.414"/>
  <testcase classname="testcase.SwagLabsTask" name="clickonfinish" time="3.260"/>
</testsuite> <!-- testcase.SwagLabsTask -->
