<?xml version="1.0" encoding="UTF-8"?>
<!-- Generated by org.testng.reporters.JUnitReportReporter -->
<testsuite hostname="DESKTOP-KOLQBJD" failures="0" tests="6" name="reportSL.SwagLapsTask" time="49.479" errors="0" timestamp="2025-11-03T15:55:19 IST" skipped="0">
  <testcase classname="reportSL.SwagLapsTask" name="enusNpass" time="6.287"/>
  <testcase classname="reportSL.SwagLapsTask" name="loginbutton" time="2.173"/>
  <testcase classname="reportSL.SwagLapsTask" name="pricesofproducts" time="34.396"/>
  <testcase classname="reportSL.SwagLapsTask" name="clickoncart" time="0.156"/>
  <testcase classname="reportSL.SwagLapsTask" name="clickoncheckout" time="0.091"/>
  <testcase classname="reportSL.SwagLapsTask" name="enterfslaNcode" time="6.376"/>
</testsuite> <!-- reportSL.SwagLapsTask -->
