<?xml version="1.0" encoding="UTF-8"?>
<!-- Generated by org.testng.reporters.JUnitReportReporter -->
<testsuite hostname="DESKTOP-KOLQBJD" failures="0" tests="6" name="testcase.SwagLapsTask" time="49.510" errors="0" timestamp="2025-11-03T16:11:23 IST" skipped="0">
  <testcase classname="testcase.SwagLapsTask" name="enusNpass" time="6.321"/>
  <testcase classname="testcase.SwagLapsTask" name="loginbutton" time="2.169"/>
  <testcase classname="testcase.SwagLapsTask" name="pricesofproducts" time="34.405"/>
  <testcase classname="testcase.SwagLapsTask" name="clickoncart" time="0.145"/>
  <testcase classname="testcase.SwagLapsTask" name="clickoncheckout" time="0.090"/>
  <testcase classname="testcase.SwagLapsTask" name="enterfslaNcode" time="6.380"/>
</testsuite> <!-- testcase.SwagLapsTask -->
